<?xml version="1.0" encoding="UTF-8"?>
<testsuite xmlns:xsi="http://www.w3.org/2001/XMLSchema-instance" xsi:noNamespaceSchemaLocation="https://maven.apache.org/surefire/maven-surefire-plugin/xsd/surefire-test-report-3.0.xsd" version="3.0" name="com.example.burger.BurgerAppExposysApplicationTests" time="10.931" tests="1" errors="0" skipped="0" failures="0">
  <properties>
[...]
</properties>
  <testcase name="contextLoads" classname="com.example.burger.BurgerAppExposysApplicationTests" time="1.451">
    <system-out><![CDATA[21:18:51.470 [main] INFO org.springframework.test.context.support.AnnotationConfigContextLoaderUtils -- Could not detect default configuration classes for test class [com.example.burger.BurgerAppExposysApplicationTests]: BurgerAppExposysApplicationTests does not declare any static, non-private, non-final, nested classes annotated with @Configuration.
21:18:51.648 [main] INFO org.springframework.boot.test.context.SpringBootTestContextBootstrapper -- Found @SpringBootConfiguration com.example.burger.BurgerAppExposysApplication for test class com.example.burger.BurgerAppExposysApplicationTests

  .   ____          _            __ _ _
 /\\ / ___'_ __ _ _(_)_ __  __ _ \ \ \ \
( ( )\___ | '_ | '_| | '_ \/ _` | \ \ \ \
 \\/  ___)| |_)| | | | | || (_| |  ) ) ) )
  '  |____| .__|_| |_|_| |_\__, | / / / /
 =========|_|==============|___/=/_/_/_/
 :: Spring Boot ::                (v3.1.4)

2023-10-08T21:18:52.374+05:30  INFO 22492 --- [           main] c.e.b.BurgerAppExposysApplicationTests   : Starting BurgerAppExposysApplicationTests using Java 17.0.6 with PID 22492 (started by HP in C:\Users\HP\Documents\workspace-spring-tool-suite-4-4.17.2.RELEASE\BurgerAppExposys)
2023-10-08T21:18:52.378+05:30  INFO 22492 --- [           main] c.e.b.BurgerAppExposysApplicationTests   : No active profile set, falling back to 1 default profile: "default"
2023-10-08T21:18:53.804+05:30  INFO 22492 --- [           main] .s.d.r.c.RepositoryConfigurationDelegate : Bootstrapping Spring Data JPA repositories in DEFAULT mode.
2023-10-08T21:18:53.915+05:30  INFO 22492 --- [           main] .s.d.r.c.RepositoryConfigurationDelegate : Finished Spring Data repository scanning in 91 ms. Found 2 JPA repository interfaces.
2023-10-08T21:18:54.641+05:30  INFO 22492 --- [           main] o.hibernate.jpa.internal.util.LogHelper  : HHH000204: Processing PersistenceUnitInfo [name: default]
2023-10-08T21:18:54.757+05:30  INFO 22492 --- [           main] org.hibernate.Version                    : HHH000412: Hibernate ORM core version 6.2.9.Final
2023-10-08T21:18:54.761+05:30  INFO 22492 --- [           main] org.hibernate.cfg.Environment            : HHH000406: Using bytecode reflection optimizer
2023-10-08T21:18:55.104+05:30  INFO 22492 --- [           main] o.h.b.i.BytecodeProviderInitiator        : HHH000021: Bytecode provider name : bytebuddy
2023-10-08T21:18:55.340+05:30  INFO 22492 --- [           main] o.s.o.j.p.SpringPersistenceUnitInfo      : No LoadTimeWeaver setup: ignoring JPA class transformer
2023-10-08T21:18:55.369+05:30  INFO 22492 --- [           main] com.zaxxer.hikari.HikariDataSource       : HikariPool-1 - Starting...
2023-10-08T21:18:56.023+05:30  INFO 22492 --- [           main] com.zaxxer.hikari.pool.HikariPool        : HikariPool-1 - Added connection com.mysql.cj.jdbc.ConnectionImpl@1a5b7394
2023-10-08T21:18:56.026+05:30  INFO 22492 --- [           main] com.zaxxer.hikari.HikariDataSource       : HikariPool-1 - Start completed.
2023-10-08T21:18:56.481+05:30  INFO 22492 --- [           main] o.h.b.i.BytecodeProviderInitiator        : HHH000021: Bytecode provider name : bytebuddy
2023-10-08T21:18:57.420+05:30  INFO 22492 --- [           main] o.h.e.t.j.p.i.JtaPlatformInitiator       : HHH000490: Using JtaPlatform implementation: [org.hibernate.engine.transaction.jta.platform.internal.NoJtaPlatform]
2023-10-08T21:18:57.505+05:30  INFO 22492 --- [           main] j.LocalContainerEntityManagerFactoryBean : Initialized JPA EntityManagerFactory for persistence unit 'default'
2023-10-08T21:18:58.382+05:30  WARN 22492 --- [           main] JpaBaseConfiguration$JpaWebConfiguration : spring.jpa.open-in-view is enabled by default. Therefore, database queries may be performed during view rendering. Explicitly configure spring.jpa.open-in-view to disable this warning
2023-10-08T21:19:00.593+05:30  INFO 22492 --- [           main] c.e.b.BurgerAppExposysApplicationTests   : Started BurgerAppExposysApplicationTests in 8.659 seconds (process running for 10.772)
]]></system-out>
  </testcase>
</testsuite>